Arguments: 
  C:\Program Files\nodejs\node.exe C:\Program Files (x86)\Yarn\bin\yarn.js add swiper

PATH: 
  C:\Python311\Scripts\;C:\Python311\;C:\Program Files (x86)\Microsoft SDKs\Azure\CLI2\wbin;C:\Python310\Scripts\;C:\Python310\;C:\Windows\system32;C:\Windows;C:\Windows\System32\Wbem;C:\Windows\System32\WindowsPowerShell\v1.0\;C:\Windows\System32\OpenSSH\;C:\Program Files\dotnet\;C:\Program Files\Microsoft SQL Server\Client SDK\ODBC\170\Tools\Binn\;C:\Program Files\Microsoft SQL Server\150\Tools\Binn\;C:\ProgramData\chocolatey\bin;C:\Program Files\Git\cmd;C:\Program Files (x86)\openssl;C:\Program Files (x86)\Yarn\bin\;C:\WINDOWS\system32;C:\WINDOWS;C:\WINDOWS\System32\Wbem;C:\WINDOWS\System32\WindowsPowerShell\v1.0\;C:\WINDOWS\System32\OpenSSH\;C:\Program Files\WinMerge;C:\Program Files\nodejs\;C:\Program Files\Go\bin;C:\Users\MLR\AppData\Local\Microsoft\PowerAppsCLI\;C:\Users\MLR\AppData\Local\Microsoft\WindowsApps;C:\Users\MLR\AppData\Local\Programs\Microsoft VS Code\bin;C:\Users\MLR\.dotnet\tools;C:\Program Files (x86)\openssl;C:\Users\MLR\AppData\Local\Yarn\bin;C:\Users\MLR\AppData\Local\JetBrains\Toolbox\scripts;C:\Users\MLR\AppData\Local\Programs\Fiddler;C:\Users\MLR\AppData\Local\GitHubDesktop\bin;C:\texlive\2022\bin\win32;C:\Users\MLR\AppData\Local\Microsoft\WindowsApps;C:\Program Files\Microsoft Visual Studio\2022\Enterprise\Common7\IDE\CommonExtensions\Microsoft\FSharp\Tools;C:\Program Files (x86)\Microsoft SDKs\Windows\v10.0A\bin\NETFX 4.8 Tools\;C:\Users\MLR\AppData\Roaming\npm;C:\Users\MLR\go\bin

Yarn version: 
  1.22.19

Node version: 
  16.20.0

Platform: 
  win32 x64

Trace: 
  Error: EPERM: operation not permitted, unlink 'C:\Users\MLR\source\repos\mlRosenquist\personal-website-frontend\website\node_modules\@esbuild\win32-x64\esbuild.exe'

npm manifest: 
  {
  	"name": "website",
  	"version": "0.0.1",
  	"scripts": {
  		"dev": "vite dev",
  		"build": "vite build",
  		"preview": "vite preview",
  		"check": "svelte-kit sync && svelte-check --tsconfig ./tsconfig.json",
  		"check:watch": "svelte-kit sync && svelte-check --tsconfig ./tsconfig.json --watch",
  		"test": "vitest",
  		"lint": "prettier --plugin-search-dir . --check . && eslint .",
  		"format": "prettier --plugin-search-dir . --write ."
  	},
  	"devDependencies": {
  		"@fontsource/fira-mono": "^4.5.10",
  		"@neoconfetti/svelte": "^1.0.0",
  		"@sveltejs/adapter-auto": "^2.0.0",
  		"@sveltejs/kit": "^1.20.4",
  		"@types/cookie": "^0.5.1",
  		"@types/three": "^0.155.0",
  		"@typescript-eslint/eslint-plugin": "^5.45.0",
  		"@typescript-eslint/parser": "^5.45.0",
  		"autoprefixer": "^10.4.14",
  		"eslint": "^8.28.0",
  		"eslint-config-prettier": "^8.5.0",
  		"eslint-plugin-svelte": "^2.30.0",
  		"postcss": "^8.4.24",
  		"postcss-load-config": "^4.0.1",
  		"prettier": "^2.8.0",
  		"prettier-plugin-svelte": "^2.10.1",
  		"svelte": "^4.0.5",
  		"svelte-check": "^3.4.3",
  		"svrollbar": "^0.12.0",
  		"tailwindcss": "^3.3.2",
  		"tslib": "^2.4.1",
  		"typescript": "^5.0.0",
  		"vite": "^4.4.2",
  		"vitest": "^0.32.2"
  	},
  	"type": "module",
  	"dependencies": {
  		"@popperjs/core": "^2.11.8",
  		"flowbite": "^1.7.0",
  		"flowbite-svelte": "^0.40.2",
  		"framer-motion": "^7.1.0",
  		"svrollbar": "^0.12.0",
  		"tailwind-merge": "^1.14.0",
  		"three": "^0.146.0",
  		"three-stdlib": "^2.18.1"
  	}
  }

yarn manifest: 
  No manifest

Lockfile: 
  No lockfile
